<?xml version="1.0" encoding="utf-8"?><testsuites><testsuite name="pytest" errors="0" failures="0" skipped="0" tests="3" time="56.420" timestamp="2022-11-04T14:30:16.522153" hostname="Desktop-MahinderB"><testcase classname="test_HomePage.TestHomePage" name="test_formSubmission[getData0]" time="16.539" /><testcase classname="test_HomePage.TestHomePage" name="test_formSubmission[getData1]" time="7.699" /><testcase classname="test_e2e.Test_one" name="test_e2e" time="32.131" /></testsuite></testsuites>